0 info it worked if it ends with ok
1 verbose cli [ 'C:\\Users\\mjtim\\AppData\\Local\\.meteor\\packages\\meteor-tool\\1.4.2_3\\mt-os.windows.x86_32\\dev_bundle\\bin\\node.exe',
1 verbose cli   'C:\\Users\\mjtim\\AppData\\Local\\.meteor\\packages\\meteor-tool\\1.4.2_3\\mt-os.windows.x86_32\\dev_bundle\\lib\\node_modules\\npm\\bin\\npm-cli.js',
1 verbose cli   'install',
1 verbose cli   '--save',
1 verbose cli   'bcrypt' ]
2 info using npm@3.10.9
3 info using node@v4.6.2
4 silly loadCurrentTree Starting
5 silly install loadCurrentTree
6 silly install readLocalPackageData
7 silly fetchPackageMetaData bcrypt@^0.8.7
8 silly fetchNamedPackageData bcrypt
9 silly mapToRegistry name bcrypt
10 silly mapToRegistry using default registry
11 silly mapToRegistry registry https://registry.npmjs.org/
12 silly mapToRegistry data Result {
12 silly mapToRegistry   raw: 'bcrypt',
12 silly mapToRegistry   scope: null,
12 silly mapToRegistry   escapedName: 'bcrypt',
12 silly mapToRegistry   name: 'bcrypt',
12 silly mapToRegistry   rawSpec: '',
12 silly mapToRegistry   spec: 'latest',
12 silly mapToRegistry   type: 'tag' }
13 silly mapToRegistry uri https://registry.npmjs.org/bcrypt
14 verbose request uri https://registry.npmjs.org/bcrypt
15 verbose request no auth needed
16 info attempt registry request try #1 at 10:32:22 PM
17 verbose request id e374c2a7ceda0da9
18 verbose etag W/"e5d0f3f231544a778b518298aea84f02"
19 verbose lastModified Fri, 26 Feb 2021 04:59:33 GMT
20 http request GET https://registry.npmjs.org/bcrypt
21 http 200 https://registry.npmjs.org/bcrypt
22 verbose headers { date: 'Sun, 30 May 2021 03:32:08 GMT',
22 verbose headers   'content-type': 'application/json',
22 verbose headers   'transfer-encoding': 'chunked',
22 verbose headers   connection: 'keep-alive',
22 verbose headers   'cf-ray': '6574e4c3dd2e03d4-ORD',
22 verbose headers   age: '4071',
22 verbose headers   'cache-control': 'public, max-age=300',
22 verbose headers   etag: 'W/"98740aa602121bb7a87ac7cde2ca4572"',
22 verbose headers   'last-modified': 'Sat, 22 May 2021 04:28:55 GMT',
22 verbose headers   vary: 'accept-encoding, accept',
22 verbose headers   'cf-cache-status': 'HIT',
22 verbose headers   'cf-request-id': '0a5ced4e65000003d4bb3dd000000001',
22 verbose headers   'expect-ct': 'max-age=604800, report-uri="https://report-uri.cloudflare.com/cdn-cgi/beacon/expect-ct"',
22 verbose headers   server: 'cloudflare',
22 verbose headers   'content-encoding': 'gzip' }
23 silly get cb [ 200,
23 silly get   { date: 'Sun, 30 May 2021 03:32:08 GMT',
23 silly get     'content-type': 'application/json',
23 silly get     'transfer-encoding': 'chunked',
23 silly get     connection: 'keep-alive',
23 silly get     'cf-ray': '6574e4c3dd2e03d4-ORD',
23 silly get     age: '4071',
23 silly get     'cache-control': 'public, max-age=300',
23 silly get     etag: 'W/"98740aa602121bb7a87ac7cde2ca4572"',
23 silly get     'last-modified': 'Sat, 22 May 2021 04:28:55 GMT',
23 silly get     vary: 'accept-encoding, accept',
23 silly get     'cf-cache-status': 'HIT',
23 silly get     'cf-request-id': '0a5ced4e65000003d4bb3dd000000001',
23 silly get     'expect-ct': 'max-age=604800, report-uri="https://report-uri.cloudflare.com/cdn-cgi/beacon/expect-ct"',
23 silly get     server: 'cloudflare',
23 silly get     'content-encoding': 'gzip' } ]
24 verbose get saving bcrypt to C:\Users\mjtim\AppData\Roaming\npm-cache\registry.npmjs.org\bcrypt\.cache.json
25 verbose correctMkdir C:\Users\mjtim\AppData\Roaming\npm-cache correctMkdir not in flight; initializing
26 silly install normalizeTree
27 silly loadCurrentTree Finishing
28 silly loadIdealTree Starting
29 silly install loadIdealTree
30 silly cloneCurrentTree Starting
31 silly install cloneCurrentTreeToIdealTree
32 silly cloneCurrentTree Finishing
33 silly loadShrinkwrap Starting
34 silly install loadShrinkwrap
35 silly loadShrinkwrap Finishing
36 silly loadAllDepsIntoIdealTree Starting
37 silly install loadAllDepsIntoIdealTree
38 silly resolveWithNewModule bcrypt@0.8.7 checking installable status
39 silly cache add args [ 'bcrypt@^0.8.7', null ]
40 verbose cache add spec bcrypt@^0.8.7
41 silly cache add parsed spec Result {
41 silly cache add   raw: 'bcrypt@^0.8.7',
41 silly cache add   scope: null,
41 silly cache add   escapedName: 'bcrypt',
41 silly cache add   name: 'bcrypt',
41 silly cache add   rawSpec: '^0.8.7',
41 silly cache add   spec: '>=0.8.7 <0.9.0',
41 silly cache add   type: 'range' }
42 silly addNamed bcrypt@>=0.8.7 <0.9.0
43 verbose addNamed ">=0.8.7 <0.9.0" is a valid semver range for bcrypt
44 silly addNameRange { name: 'bcrypt', range: '>=0.8.7 <0.9.0', hasData: false }
45 silly mapToRegistry name bcrypt
46 silly mapToRegistry using default registry
47 silly mapToRegistry registry https://registry.npmjs.org/
48 silly mapToRegistry data Result {
48 silly mapToRegistry   raw: 'bcrypt',
48 silly mapToRegistry   scope: null,
48 silly mapToRegistry   escapedName: 'bcrypt',
48 silly mapToRegistry   name: 'bcrypt',
48 silly mapToRegistry   rawSpec: '',
48 silly mapToRegistry   spec: 'latest',
48 silly mapToRegistry   type: 'tag' }
49 silly mapToRegistry uri https://registry.npmjs.org/bcrypt
50 verbose addNameRange registry:https://registry.npmjs.org/bcrypt not in flight; fetching
51 verbose get https://registry.npmjs.org/bcrypt not expired, no request
52 silly addNameRange number 2 { name: 'bcrypt', range: '>=0.8.7 <0.9.0', hasData: true }
53 silly addNameRange versions [ 'bcrypt',
53 silly addNameRange   [ '0.1.2',
53 silly addNameRange     '0.2.0',
53 silly addNameRange     '0.2.1',
53 silly addNameRange     '0.1.3',
53 silly addNameRange     '0.2.2',
53 silly addNameRange     '0.2.3',
53 silly addNameRange     '0.2.4',
53 silly addNameRange     '0.3.0',
53 silly addNameRange     '0.3.1',
53 silly addNameRange     '0.3.2',
53 silly addNameRange     '0.4.0',
53 silly addNameRange     '0.4.1',
53 silly addNameRange     '0.5.0',
53 silly addNameRange     '0.6.0',
53 silly addNameRange     '0.7.0',
53 silly addNameRange     '0.7.1',
53 silly addNameRange     '0.7.2',
53 silly addNameRange     '0.7.3',
53 silly addNameRange     '0.7.4',
53 silly addNameRange     '0.7.5',
53 silly addNameRange     '0.7.6',
53 silly addNameRange     '0.7.7',
53 silly addNameRange     '0.7.8',
53 silly addNameRange     '0.8.0',
53 silly addNameRange     '0.8.1',
53 silly addNameRange     '0.8.2',
53 silly addNameRange     '0.8.3',
53 silly addNameRange     '0.8.4',
53 silly addNameRange     '0.8.5',
53 silly addNameRange     '0.8.6',
53 silly addNameRange     '0.8.7',
53 silly addNameRange     '1.0.0',
53 silly addNameRange     '1.0.1',
53 silly addNameRange     '1.0.2',
53 silly addNameRange     '1.0.3',
53 silly addNameRange     '1.1.0-napi',
53 silly addNameRange     '2.0.0',
53 silly addNameRange     '2.0.1',
53 silly addNameRange     '3.0.0',
53 silly addNameRange     '3.0.1',
53 silly addNameRange     '3.0.2',
53 silly addNameRange     '3.0.3',
53 silly addNameRange     '3.0.4',
53 silly addNameRange     '3.0.4-napi',
53 silly addNameRange     '3.0.5',
53 silly addNameRange     '3.0.6',
53 silly addNameRange     '3.0.7',
53 silly addNameRange     '3.0.8',
53 silly addNameRange     '4.0.0',
53 silly addNameRange     '4.0.1',
53 silly addNameRange     '5.0.0',
53 silly addNameRange     '5.0.1' ] ]
54 silly addNamed bcrypt@0.8.7
55 verbose addNamed "0.8.7" is a plain semver version for bcrypt
56 warn deprecated bcrypt@0.8.7: versions < v5.0.0 do not handle NUL in passwords properly
57 silly cache afterAdd bcrypt@0.8.7
58 verbose afterAdd C:\Users\mjtim\AppData\Roaming\npm-cache\bcrypt\0.8.7\package\package.json not in flight; writing
59 verbose correctMkdir C:\Users\mjtim\AppData\Roaming\npm-cache correctMkdir not in flight; initializing
60 verbose afterAdd C:\Users\mjtim\AppData\Roaming\npm-cache\bcrypt\0.8.7\package\package.json written
61 silly fetchNamedPackageData bindings
62 silly mapToRegistry name bindings
63 silly mapToRegistry using default registry
64 silly mapToRegistry registry https://registry.npmjs.org/
65 silly mapToRegistry data Result {
65 silly mapToRegistry   raw: 'bindings',
65 silly mapToRegistry   scope: null,
65 silly mapToRegistry   escapedName: 'bindings',
65 silly mapToRegistry   name: 'bindings',
65 silly mapToRegistry   rawSpec: '',
65 silly mapToRegistry   spec: 'latest',
65 silly mapToRegistry   type: 'tag' }
66 silly mapToRegistry uri https://registry.npmjs.org/bindings
67 silly fetchNamedPackageData nan
68 silly mapToRegistry name nan
69 silly mapToRegistry using default registry
70 silly mapToRegistry registry https://registry.npmjs.org/
71 silly mapToRegistry data Result {
71 silly mapToRegistry   raw: 'nan',
71 silly mapToRegistry   scope: null,
71 silly mapToRegistry   escapedName: 'nan',
71 silly mapToRegistry   name: 'nan',
71 silly mapToRegistry   rawSpec: '',
71 silly mapToRegistry   spec: 'latest',
71 silly mapToRegistry   type: 'tag' }
72 silly mapToRegistry uri https://registry.npmjs.org/nan
73 verbose request uri https://registry.npmjs.org/bindings
74 verbose request no auth needed
75 info attempt registry request try #1 at 10:32:23 PM
76 verbose etag W/"8dfe34716157e36596b3ba5e5fcfb617"
77 verbose lastModified Wed, 27 Feb 2019 22:54:48 GMT
78 http request GET https://registry.npmjs.org/bindings
79 verbose request uri https://registry.npmjs.org/nan
80 verbose request no auth needed
81 info attempt registry request try #1 at 10:32:23 PM
82 verbose etag W/"ac38f6c9400be015a896aa94515b9385"
83 verbose lastModified Tue, 13 Oct 2020 12:49:58 GMT
84 http request GET https://registry.npmjs.org/nan
85 http 304 https://registry.npmjs.org/bindings
86 verbose headers { date: 'Sun, 30 May 2021 03:32:09 GMT',
86 verbose headers   connection: 'keep-alive',
86 verbose headers   'cf-ray': '6574e4c6089403d4-ORD',
86 verbose headers   age: '5852',
86 verbose headers   'cache-control': 'public, max-age=300',
86 verbose headers   etag: '"8dfe34716157e36596b3ba5e5fcfb617"',
86 verbose headers   'last-modified': 'Wed, 27 Feb 2019 22:54:48 GMT',
86 verbose headers   vary: 'Accept-Encoding',
86 verbose headers   'cf-cache-status': 'HIT',
86 verbose headers   'cf-request-id': '0a5ced4fc2000003d4ae823000000001',
86 verbose headers   'expect-ct': 'max-age=604800, report-uri="https://report-uri.cloudflare.com/cdn-cgi/beacon/expect-ct"',
86 verbose headers   server: 'cloudflare' }
87 silly get cb [ 304,
87 silly get   { date: 'Sun, 30 May 2021 03:32:09 GMT',
87 silly get     connection: 'keep-alive',
87 silly get     'cf-ray': '6574e4c6089403d4-ORD',
87 silly get     age: '5852',
87 silly get     'cache-control': 'public, max-age=300',
87 silly get     etag: '"8dfe34716157e36596b3ba5e5fcfb617"',
87 silly get     'last-modified': 'Wed, 27 Feb 2019 22:54:48 GMT',
87 silly get     vary: 'Accept-Encoding',
87 silly get     'cf-cache-status': 'HIT',
87 silly get     'cf-request-id': '0a5ced4fc2000003d4ae823000000001',
87 silly get     'expect-ct': 'max-age=604800, report-uri="https://report-uri.cloudflare.com/cdn-cgi/beacon/expect-ct"',
87 silly get     server: 'cloudflare' } ]
88 verbose etag https://registry.npmjs.org/bindings from cache
89 verbose get saving bindings to C:\Users\mjtim\AppData\Roaming\npm-cache\registry.npmjs.org\bindings\.cache.json
90 verbose correctMkdir C:\Users\mjtim\AppData\Roaming\npm-cache correctMkdir not in flight; initializing
91 silly resolveWithNewModule bindings@1.2.1 checking installable status
92 silly cache add args [ 'bindings@1.2.1', null ]
93 verbose cache add spec bindings@1.2.1
94 silly cache add parsed spec Result {
94 silly cache add   raw: 'bindings@1.2.1',
94 silly cache add   scope: null,
94 silly cache add   escapedName: 'bindings',
94 silly cache add   name: 'bindings',
94 silly cache add   rawSpec: '1.2.1',
94 silly cache add   spec: '1.2.1',
94 silly cache add   type: 'version' }
95 silly addNamed bindings@1.2.1
96 verbose addNamed "1.2.1" is a plain semver version for bindings
97 silly mapToRegistry name bindings
98 silly mapToRegistry using default registry
99 silly mapToRegistry registry https://registry.npmjs.org/
100 silly mapToRegistry data Result {
100 silly mapToRegistry   raw: 'bindings',
100 silly mapToRegistry   scope: null,
100 silly mapToRegistry   escapedName: 'bindings',
100 silly mapToRegistry   name: 'bindings',
100 silly mapToRegistry   rawSpec: '',
100 silly mapToRegistry   spec: 'latest',
100 silly mapToRegistry   type: 'tag' }
101 silly mapToRegistry uri https://registry.npmjs.org/bindings
102 verbose addNameVersion registry:https://registry.npmjs.org/bindings not in flight; fetching
103 verbose get https://registry.npmjs.org/bindings not expired, no request
104 silly cache afterAdd bindings@1.2.1
105 verbose afterAdd C:\Users\mjtim\AppData\Roaming\npm-cache\bindings\1.2.1\package\package.json not in flight; writing
106 verbose correctMkdir C:\Users\mjtim\AppData\Roaming\npm-cache correctMkdir not in flight; initializing
107 http 304 https://registry.npmjs.org/nan
108 verbose headers { date: 'Sun, 30 May 2021 03:32:09 GMT',
108 verbose headers   connection: 'keep-alive',
108 verbose headers   'cf-ray': '6574e4c68fce0418-ORD',
108 verbose headers   age: '6600',
108 verbose headers   'cache-control': 'public, max-age=300',
108 verbose headers   etag: '"ac38f6c9400be015a896aa94515b9385"',
108 verbose headers   'last-modified': 'Tue, 13 Oct 2020 12:49:58 GMT',
108 verbose headers   vary: 'Accept-Encoding',
108 verbose headers   'cf-cache-status': 'HIT',
108 verbose headers   'cf-request-id': '0a5ced501a000004188bb37000000001',
108 verbose headers   'expect-ct': 'max-age=604800, report-uri="https://report-uri.cloudflare.com/cdn-cgi/beacon/expect-ct"',
108 verbose headers   server: 'cloudflare' }
109 silly get cb [ 304,
109 silly get   { date: 'Sun, 30 May 2021 03:32:09 GMT',
109 silly get     connection: 'keep-alive',
109 silly get     'cf-ray': '6574e4c68fce0418-ORD',
109 silly get     age: '6600',
109 silly get     'cache-control': 'public, max-age=300',
109 silly get     etag: '"ac38f6c9400be015a896aa94515b9385"',
109 silly get     'last-modified': 'Tue, 13 Oct 2020 12:49:58 GMT',
109 silly get     vary: 'Accept-Encoding',
109 silly get     'cf-cache-status': 'HIT',
109 silly get     'cf-request-id': '0a5ced501a000004188bb37000000001',
109 silly get     'expect-ct': 'max-age=604800, report-uri="https://report-uri.cloudflare.com/cdn-cgi/beacon/expect-ct"',
109 silly get     server: 'cloudflare' } ]
110 verbose etag https://registry.npmjs.org/nan from cache
111 verbose get saving nan to C:\Users\mjtim\AppData\Roaming\npm-cache\registry.npmjs.org\nan\.cache.json
112 verbose correctMkdir C:\Users\mjtim\AppData\Roaming\npm-cache correctMkdir not in flight; initializing
113 verbose afterAdd C:\Users\mjtim\AppData\Roaming\npm-cache\bindings\1.2.1\package\package.json written
114 silly resolveWithNewModule nan@2.3.5 checking installable status
115 silly cache add args [ 'nan@2.3.5', null ]
116 verbose cache add spec nan@2.3.5
117 silly cache add parsed spec Result {
117 silly cache add   raw: 'nan@2.3.5',
117 silly cache add   scope: null,
117 silly cache add   escapedName: 'nan',
117 silly cache add   name: 'nan',
117 silly cache add   rawSpec: '2.3.5',
117 silly cache add   spec: '2.3.5',
117 silly cache add   type: 'version' }
118 silly addNamed nan@2.3.5
119 verbose addNamed "2.3.5" is a plain semver version for nan
120 silly mapToRegistry name nan
121 silly mapToRegistry using default registry
122 silly mapToRegistry registry https://registry.npmjs.org/
123 silly mapToRegistry data Result {
123 silly mapToRegistry   raw: 'nan',
123 silly mapToRegistry   scope: null,
123 silly mapToRegistry   escapedName: 'nan',
123 silly mapToRegistry   name: 'nan',
123 silly mapToRegistry   rawSpec: '',
123 silly mapToRegistry   spec: 'latest',
123 silly mapToRegistry   type: 'tag' }
124 silly mapToRegistry uri https://registry.npmjs.org/nan
125 verbose addNameVersion registry:https://registry.npmjs.org/nan not in flight; fetching
126 verbose get https://registry.npmjs.org/nan not expired, no request
127 silly cache afterAdd nan@2.3.5
128 verbose afterAdd C:\Users\mjtim\AppData\Roaming\npm-cache\nan\2.3.5\package\package.json not in flight; writing
129 verbose correctMkdir C:\Users\mjtim\AppData\Roaming\npm-cache correctMkdir not in flight; initializing
130 verbose afterAdd C:\Users\mjtim\AppData\Roaming\npm-cache\nan\2.3.5\package\package.json written
131 silly loadAllDepsIntoIdealTree Finishing
132 silly loadIdealTree Finishing
133 silly currentTree week_1_portfolio_website@1.0.0
133 silly currentTree +-- babel-runtime@6.26.0
133 silly currentTree +-- core-js@2.6.12
133 silly currentTree `-- regenerator-runtime@0.11.1
134 silly idealTree week_1_portfolio_website@1.0.0
134 silly idealTree +-- babel-runtime@6.26.0
134 silly idealTree +-- bcrypt@0.8.7
134 silly idealTree +-- bindings@1.2.1
134 silly idealTree +-- core-js@2.6.12
134 silly idealTree +-- nan@2.3.5
134 silly idealTree `-- regenerator-runtime@0.11.1
135 silly generateActionsToTake Starting
136 silly install generateActionsToTake
137 silly generateActionsToTake Finishing
138 silly diffTrees action count 3
139 silly diffTrees add bindings@1.2.1
140 silly diffTrees add nan@2.3.5
141 silly diffTrees add bcrypt@0.8.7
142 silly decomposeActions action count 24
143 silly decomposeActions fetch bindings@1.2.1
144 silly decomposeActions extract bindings@1.2.1
145 silly decomposeActions test bindings@1.2.1
146 silly decomposeActions preinstall bindings@1.2.1
147 silly decomposeActions build bindings@1.2.1
148 silly decomposeActions install bindings@1.2.1
149 silly decomposeActions postinstall bindings@1.2.1
150 silly decomposeActions finalize bindings@1.2.1
151 silly decomposeActions fetch nan@2.3.5
152 silly decomposeActions extract nan@2.3.5
153 silly decomposeActions test nan@2.3.5
154 silly decomposeActions preinstall nan@2.3.5
155 silly decomposeActions build nan@2.3.5
156 silly decomposeActions install nan@2.3.5
157 silly decomposeActions postinstall nan@2.3.5
158 silly decomposeActions finalize nan@2.3.5
159 silly decomposeActions fetch bcrypt@0.8.7
160 silly decomposeActions extract bcrypt@0.8.7
161 silly decomposeActions test bcrypt@0.8.7
162 silly decomposeActions preinstall bcrypt@0.8.7
163 silly decomposeActions build bcrypt@0.8.7
164 silly decomposeActions install bcrypt@0.8.7
165 silly decomposeActions postinstall bcrypt@0.8.7
166 silly decomposeActions finalize bcrypt@0.8.7
167 silly runTopLevelLifecycles Starting
168 silly executeActions Starting
169 silly install executeActions
170 silly doSerial global-install 0
171 silly doParallel fetch 3
172 verbose correctMkdir C:\Users\mjtim\AppData\Roaming\npm-cache\_locks correctMkdir not in flight; initializing
173 verbose lock using C:\Users\mjtim\AppData\Roaming\npm-cache\_locks\staging-d0536e32c045e663.lock for C:\Users\mjtim\myWebsite\node_modules\.staging
174 silly doParallel extract 3
175 silly extract bindings@1.2.1
176 silly extract nan@2.3.5
177 silly extract bcrypt@0.8.7
178 verbose unbuild node_modules\.staging\bindings-b6060189
179 verbose unbuild node_modules\.staging\nan-294e8723
180 verbose unbuild node_modules\.staging\bcrypt-63d11f4a
181 silly gentlyRm C:\Users\mjtim\myWebsite\node_modules\.staging\bindings-b6060189 is being purged from base C:\Users\mjtim\myWebsite
182 verbose gentlyRm don't care about contents; nuking C:\Users\mjtim\myWebsite\node_modules\.staging\bindings-b6060189
183 silly gentlyRm C:\Users\mjtim\myWebsite\node_modules\.staging\nan-294e8723 is being purged from base C:\Users\mjtim\myWebsite
184 verbose gentlyRm don't care about contents; nuking C:\Users\mjtim\myWebsite\node_modules\.staging\nan-294e8723
185 silly gentlyRm C:\Users\mjtim\myWebsite\node_modules\.staging\bcrypt-63d11f4a is being purged from base C:\Users\mjtim\myWebsite
186 verbose gentlyRm don't care about contents; nuking C:\Users\mjtim\myWebsite\node_modules\.staging\bcrypt-63d11f4a
187 verbose tar unpack C:\Users\mjtim\AppData\Roaming\npm-cache\bindings\1.2.1\package.tgz
188 verbose tar unpacking to C:\Users\mjtim\myWebsite\node_modules\.staging\bindings-b6060189
189 silly gentlyRm C:\Users\mjtim\myWebsite\node_modules\.staging\bindings-b6060189 is being purged
190 verbose gentlyRm don't care about contents; nuking C:\Users\mjtim\myWebsite\node_modules\.staging\bindings-b6060189
191 verbose tar unpack C:\Users\mjtim\AppData\Roaming\npm-cache\nan\2.3.5\package.tgz
192 verbose tar unpacking to C:\Users\mjtim\myWebsite\node_modules\.staging\nan-294e8723
193 silly gentlyRm C:\Users\mjtim\myWebsite\node_modules\.staging\nan-294e8723 is being purged
194 verbose gentlyRm don't care about contents; nuking C:\Users\mjtim\myWebsite\node_modules\.staging\nan-294e8723
195 verbose tar unpack C:\Users\mjtim\AppData\Roaming\npm-cache\bcrypt\0.8.7\package.tgz
196 verbose tar unpacking to C:\Users\mjtim\myWebsite\node_modules\.staging\bcrypt-63d11f4a
197 silly gentlyRm C:\Users\mjtim\myWebsite\node_modules\.staging\bcrypt-63d11f4a is being purged
198 verbose gentlyRm don't care about contents; nuking C:\Users\mjtim\myWebsite\node_modules\.staging\bcrypt-63d11f4a
199 silly gunzTarPerm modes [ '777', '666' ]
200 silly gunzTarPerm modes [ '777', '666' ]
201 silly gunzTarPerm modes [ '777', '666' ]
202 silly gunzTarPerm extractEntry package.json
203 silly gunzTarPerm modified mode [ 'package.json', 420, 438 ]
204 silly gunzTarPerm extractEntry package.json
205 silly gunzTarPerm modified mode [ 'package.json', 420, 438 ]
206 silly gunzTarPerm extractEntry package.json
207 silly gunzTarPerm modified mode [ 'package.json', 436, 438 ]
208 silly gunzTarPerm extractEntry README.md
209 silly gunzTarPerm modified mode [ 'README.md', 420, 438 ]
210 silly gunzTarPerm extractEntry bindings.js
211 silly gunzTarPerm modified mode [ 'bindings.js', 420, 438 ]
212 silly gunzTarPerm extractEntry .npmignore
213 silly gunzTarPerm modified mode [ '.npmignore', 420, 438 ]
214 silly gunzTarPerm extractEntry README.md
215 silly gunzTarPerm modified mode [ 'README.md', 420, 438 ]
216 silly gunzTarPerm extractEntry README.md
217 silly gunzTarPerm modified mode [ 'README.md', 436, 438 ]
218 silly gunzTarPerm extractEntry include_dirs.js
219 silly gunzTarPerm modified mode [ 'include_dirs.js', 436, 438 ]
220 silly gunzTarPerm extractEntry LICENSE
221 silly gunzTarPerm modified mode [ 'LICENSE', 420, 438 ]
222 silly gunzTarPerm extractEntry bcrypt.js
223 silly gunzTarPerm modified mode [ 'bcrypt.js', 420, 438 ]
224 silly gunzTarPerm extractEntry Makefile
225 silly gunzTarPerm modified mode [ 'Makefile', 420, 438 ]
226 silly gunzTarPerm extractEntry .travis.yml
227 silly gunzTarPerm modified mode [ '.travis.yml', 420, 438 ]
228 silly gunzTarPerm extractEntry CHANGELOG.md
229 silly gunzTarPerm modified mode [ 'CHANGELOG.md', 420, 438 ]
230 silly gunzTarPerm extractEntry binding.gyp
231 silly gunzTarPerm modified mode [ 'binding.gyp', 420, 438 ]
232 silly gunzTarPerm extractEntry examples/async_compare.js
233 silly gunzTarPerm modified mode [ 'examples/async_compare.js', 420, 438 ]
234 silly gunzTarPerm extractEntry examples/forever_gen_salt.js
235 silly gunzTarPerm modified mode [ 'examples/forever_gen_salt.js', 420, 438 ]
236 silly gunzTarPerm extractEntry test/async.js
237 silly gunzTarPerm modified mode [ 'test/async.js', 420, 438 ]
238 silly gunzTarPerm extractEntry test/repetitions.js
239 silly gunzTarPerm modified mode [ 'test/repetitions.js', 420, 438 ]
240 silly gunzTarPerm extractEntry test/sync.js
241 silly gunzTarPerm modified mode [ 'test/sync.js', 420, 438 ]
242 silly gunzTarPerm extractEntry ISSUE_TEMPLATE.md
243 silly gunzTarPerm modified mode [ 'ISSUE_TEMPLATE.md', 420, 438 ]
244 silly gunzTarPerm extractEntry src/bcrypt.cc
245 silly gunzTarPerm modified mode [ 'src/bcrypt.cc', 420, 438 ]
246 silly gunzTarPerm extractEntry src/bcrypt_node.cc
247 silly gunzTarPerm modified mode [ 'src/bcrypt_node.cc', 420, 438 ]
248 silly gunzTarPerm extractEntry src/blowfish.cc
249 silly gunzTarPerm modified mode [ 'src/blowfish.cc', 420, 438 ]
250 silly gunzTarPerm extractEntry src/node_blf.h
251 silly gunzTarPerm modified mode [ 'src/node_blf.h', 420, 438 ]
252 silly gunzTarPerm extractEntry werker.yml
253 silly gunzTarPerm modified mode [ 'werker.yml', 420, 438 ]
254 silly gunzTarPerm extractEntry nan_converters.h
255 silly gunzTarPerm modified mode [ 'nan_converters.h', 436, 438 ]
256 silly gunzTarPerm extractEntry LICENSE.md
257 silly gunzTarPerm modified mode [ 'LICENSE.md', 436, 438 ]
258 silly gunzTarPerm extractEntry doc/node_misc.md
259 silly gunzTarPerm modified mode [ 'doc/node_misc.md', 436, 438 ]
260 silly gunzTarPerm extractEntry doc/asyncworker.md
261 silly gunzTarPerm modified mode [ 'doc/asyncworker.md', 436, 438 ]
262 silly gunzTarPerm extractEntry doc/callback.md
263 silly gunzTarPerm modified mode [ 'doc/callback.md', 436, 438 ]
264 silly gunzTarPerm extractEntry doc/converters.md
265 silly gunzTarPerm modified mode [ 'doc/converters.md', 436, 438 ]
266 silly gunzTarPerm extractEntry doc/errors.md
267 silly gunzTarPerm modified mode [ 'doc/errors.md', 436, 438 ]
268 silly gunzTarPerm extractEntry doc/maybe_types.md
269 silly gunzTarPerm modified mode [ 'doc/maybe_types.md', 436, 438 ]
270 silly gunzTarPerm extractEntry doc/methods.md
271 silly gunzTarPerm modified mode [ 'doc/methods.md', 436, 438 ]
272 silly gunzTarPerm extractEntry doc/new.md
273 silly gunzTarPerm modified mode [ 'doc/new.md', 436, 438 ]
274 silly gentlyRm C:\Users\mjtim\myWebsite\node_modules\.staging\bindings-b6060189\node_modules is being purged
275 verbose gentlyRm don't care about contents; nuking C:\Users\mjtim\myWebsite\node_modules\.staging\bindings-b6060189\node_modules
276 silly gunzTarPerm extractEntry doc/buffers.md
277 silly gunzTarPerm modified mode [ 'doc/buffers.md', 436, 438 ]
278 silly gunzTarPerm extractEntry doc/object_wrappers.md
279 silly gunzTarPerm modified mode [ 'doc/object_wrappers.md', 436, 438 ]
280 silly gunzTarPerm extractEntry doc/persistent.md
281 silly gunzTarPerm modified mode [ 'doc/persistent.md', 436, 438 ]
282 silly gunzTarPerm extractEntry doc/scopes.md
283 silly gunzTarPerm modified mode [ 'doc/scopes.md', 436, 438 ]
284 silly gunzTarPerm extractEntry doc/script.md
285 silly gunzTarPerm modified mode [ 'doc/script.md', 436, 438 ]
286 silly gunzTarPerm extractEntry doc/string_bytes.md
287 silly gunzTarPerm modified mode [ 'doc/string_bytes.md', 436, 438 ]
288 silly gunzTarPerm extractEntry doc/v8_internals.md
289 silly gunzTarPerm modified mode [ 'doc/v8_internals.md', 436, 438 ]
290 silly gunzTarPerm extractEntry doc/v8_misc.md
291 silly gunzTarPerm modified mode [ 'doc/v8_misc.md', 436, 438 ]
292 silly gunzTarPerm extractEntry nan.h
293 silly gunzTarPerm modified mode [ 'nan.h', 436, 438 ]
294 silly gunzTarPerm extractEntry nan_callbacks.h
295 silly gunzTarPerm modified mode [ 'nan_callbacks.h', 436, 438 ]
296 silly gunzTarPerm extractEntry nan_callbacks_12_inl.h
297 silly gunzTarPerm modified mode [ 'nan_callbacks_12_inl.h', 436, 438 ]
298 silly gunzTarPerm extractEntry nan_callbacks_pre_12_inl.h
299 silly gunzTarPerm modified mode [ 'nan_callbacks_pre_12_inl.h', 436, 438 ]
300 silly gunzTarPerm extractEntry nan_converters_43_inl.h
301 silly gunzTarPerm modified mode [ 'nan_converters_43_inl.h', 436, 438 ]
302 silly gunzTarPerm extractEntry nan_converters_pre_43_inl.h
303 silly gunzTarPerm modified mode [ 'nan_converters_pre_43_inl.h', 436, 438 ]
304 silly gunzTarPerm extractEntry nan_implementation_12_inl.h
305 silly gunzTarPerm modified mode [ 'nan_implementation_12_inl.h', 436, 438 ]
306 silly gunzTarPerm extractEntry nan_implementation_pre_12_inl.h
307 silly gunzTarPerm modified mode [ 'nan_implementation_pre_12_inl.h', 436, 438 ]
308 silly gunzTarPerm extractEntry nan_maybe_43_inl.h
309 silly gunzTarPerm modified mode [ 'nan_maybe_43_inl.h', 436, 438 ]
310 silly gunzTarPerm extractEntry nan_maybe_pre_43_inl.h
311 silly gunzTarPerm modified mode [ 'nan_maybe_pre_43_inl.h', 436, 438 ]
312 silly gunzTarPerm extractEntry nan_new.h
313 silly gunzTarPerm modified mode [ 'nan_new.h', 436, 438 ]
314 silly gunzTarPerm extractEntry nan_object_wrap.h
315 silly gunzTarPerm modified mode [ 'nan_object_wrap.h', 436, 438 ]
316 silly gunzTarPerm extractEntry nan_persistent_12_inl.h
317 silly gunzTarPerm modified mode [ 'nan_persistent_12_inl.h', 436, 438 ]
318 silly gunzTarPerm extractEntry nan_persistent_pre_12_inl.h
319 silly gunzTarPerm modified mode [ 'nan_persistent_pre_12_inl.h', 436, 438 ]
320 silly gunzTarPerm extractEntry nan_string_bytes.h
321 silly gunzTarPerm modified mode [ 'nan_string_bytes.h', 436, 438 ]
322 silly gunzTarPerm extractEntry nan_typedarray_contents.h
323 silly gunzTarPerm modified mode [ 'nan_typedarray_contents.h', 436, 438 ]
324 silly gunzTarPerm extractEntry nan_weak.h
325 silly gunzTarPerm modified mode [ 'nan_weak.h', 436, 438 ]
326 silly gunzTarPerm extractEntry CHANGELOG.md
327 silly gunzTarPerm modified mode [ 'CHANGELOG.md', 436, 438 ]
328 silly gunzTarPerm extractEntry tools/package.json
329 silly gunzTarPerm modified mode [ 'tools/package.json', 436, 438 ]
330 silly gunzTarPerm extractEntry tools/README.md
331 silly gunzTarPerm modified mode [ 'tools/README.md', 436, 438 ]
332 silly gunzTarPerm extractEntry tools/1to2.js
333 silly gunzTarPerm modified mode [ 'tools/1to2.js', 509, 511 ]
334 silly gentlyRm C:\Users\mjtim\myWebsite\node_modules\.staging\bcrypt-63d11f4a\node_modules is being purged
335 verbose gentlyRm don't care about contents; nuking C:\Users\mjtim\myWebsite\node_modules\.staging\bcrypt-63d11f4a\node_modules
336 silly gentlyRm C:\Users\mjtim\myWebsite\node_modules\.staging\nan-294e8723\node_modules is being purged
337 verbose gentlyRm don't care about contents; nuking C:\Users\mjtim\myWebsite\node_modules\.staging\nan-294e8723\node_modules
338 silly doParallel preinstall 3
339 silly preinstall bindings@1.2.1 C:\Users\mjtim\myWebsite\node_modules\.staging\bindings-b6060189
340 info lifecycle bindings@1.2.1~preinstall: bindings@1.2.1
341 silly preinstall nan@2.3.5 C:\Users\mjtim\myWebsite\node_modules\.staging\nan-294e8723
342 info lifecycle nan@2.3.5~preinstall: nan@2.3.5
343 silly preinstall bcrypt@0.8.7 C:\Users\mjtim\myWebsite\node_modules\.staging\bcrypt-63d11f4a
344 info lifecycle bcrypt@0.8.7~preinstall: bcrypt@0.8.7
345 silly lifecycle bindings@1.2.1~preinstall: no script for preinstall, continuing
346 silly lifecycle nan@2.3.5~preinstall: no script for preinstall, continuing
347 silly lifecycle bcrypt@0.8.7~preinstall: no script for preinstall, continuing
348 silly doReverseSerial remove 0
349 silly doSerial move 0
350 silly doSerial finalize 3
351 silly finalize C:\Users\mjtim\myWebsite\node_modules\bindings
352 silly finalize C:\Users\mjtim\myWebsite\node_modules\nan
353 silly finalize C:\Users\mjtim\myWebsite\node_modules\bcrypt
354 silly doSerial build 3
355 silly build bindings@1.2.1
356 info linkStuff bindings@1.2.1
357 silly linkStuff bindings@1.2.1 has C:\Users\mjtim\myWebsite\node_modules as its parent node_modules
358 verbose linkBins bindings@1.2.1
359 verbose linkMans bindings@1.2.1
360 silly build nan@2.3.5
361 info linkStuff nan@2.3.5
362 silly linkStuff nan@2.3.5 has C:\Users\mjtim\myWebsite\node_modules as its parent node_modules
363 verbose linkBins nan@2.3.5
364 verbose linkMans nan@2.3.5
365 silly build bcrypt@0.8.7
366 info linkStuff bcrypt@0.8.7
367 silly linkStuff bcrypt@0.8.7 has C:\Users\mjtim\myWebsite\node_modules as its parent node_modules
368 verbose linkBins bcrypt@0.8.7
369 verbose linkMans bcrypt@0.8.7
370 silly doSerial global-link 0
371 silly doParallel update-linked 0
372 silly doSerial install 3
373 silly install bindings@1.2.1 C:\Users\mjtim\myWebsite\node_modules\.staging\bindings-b6060189
374 info lifecycle bindings@1.2.1~install: bindings@1.2.1
375 silly lifecycle bindings@1.2.1~install: no script for install, continuing
376 silly install nan@2.3.5 C:\Users\mjtim\myWebsite\node_modules\.staging\nan-294e8723
377 info lifecycle nan@2.3.5~install: nan@2.3.5
378 silly lifecycle nan@2.3.5~install: no script for install, continuing
379 silly install bcrypt@0.8.7 C:\Users\mjtim\myWebsite\node_modules\.staging\bcrypt-63d11f4a
380 info lifecycle bcrypt@0.8.7~install: bcrypt@0.8.7
381 verbose lifecycle bcrypt@0.8.7~install: unsafe-perm in lifecycle true
382 verbose lifecycle bcrypt@0.8.7~install: PATH: C:\Users\mjtim\AppData\Local\.meteor\packages\meteor-tool\1.4.2_3\mt-os.windows.x86_32\dev_bundle\lib\node_modules\npm\bin\node-gyp-bin;C:\Users\mjtim\myWebsite\node_modules\bcrypt\node_modules\.bin;C:\Users\mjtim\myWebsite\node_modules\.bin;C:\Users\mjtim\AppData\Local\.meteor\packages\meteor-tool\1.4.2_3\mt-os.windows.x86_32\dev_bundle\bin;C:\Users\mjtim\AppData\Local\.meteor\packages\meteor-tool\1.4.2_3\mt-os.windows.x86_32;C:\Users\mjtim\AppData\Local\.meteor\packages\meteor-tool\1.4.2_3\mt-os.windows.x86_32\dev_bundle\lib\node_modules\.bin;C:\WINDOWS\system32;C:\WINDOWS;C:\WINDOWS\System32\Wbem;C:\WINDOWS\System32\WindowsPowerShell\v1.0\;C:\WINDOWS\System32\OpenSSH\;C:\Program Files\Intel\WiFi\bin\;C:\Program Files\Common Files\Intel\WirelessCommon\;C:\ProgramData\chocolatey\bin;C:\Program Files\Git\cmd;C:\Program Files\nodejs\;C:\Users\mjtim\AppData\Local\Microsoft\WindowsApps;C:\ProgramData\chocoportable\bin;C:\Users\mjtim\AppData\Local\.meteor;C:\Users\mjtim\AppData\Local\atom\bin;C:\Users\mjtim\AppData\Roaming\npm;C:\Program Files\heroku\bin;C:\Users\mjtim\AppData\Local\Microsoft\WindowsApps;
383 verbose lifecycle bcrypt@0.8.7~install: CWD: C:\Users\mjtim\myWebsite\node_modules\bcrypt
384 silly lifecycle bcrypt@0.8.7~install: Args: [ '/d /s /c', 'node-gyp rebuild' ]
385 silly lifecycle bcrypt@0.8.7~install: Returned: code: 1  signal: null
386 info lifecycle bcrypt@0.8.7~install: Failed to exec install script
387 verbose unlock done using C:\Users\mjtim\AppData\Roaming\npm-cache\_locks\staging-d0536e32c045e663.lock for C:\Users\mjtim\myWebsite\node_modules\.staging
388 silly rollbackFailedOptional Starting
389 silly rollbackFailedOptional Finishing
390 silly runTopLevelLifecycles Finishing
391 silly install printInstalled
392 warn week_1_portfolio_website@1.0.0 No repository field.
393 verbose If you need help, you may report this error at:
393 verbose     <https://github.com/npm/npm/issues>
394 verbose stack Error: bcrypt@0.8.7 install: `node-gyp rebuild`
394 verbose stack Exit status 1
394 verbose stack     at EventEmitter.<anonymous> (C:\Users\mjtim\AppData\Local\.meteor\packages\meteor-tool\1.4.2_3\mt-os.windows.x86_32\dev_bundle\lib\node_modules\npm\lib\utils\lifecycle.js:255:16)
394 verbose stack     at emitTwo (events.js:87:13)
394 verbose stack     at EventEmitter.emit (events.js:172:7)
394 verbose stack     at ChildProcess.<anonymous> (C:\Users\mjtim\AppData\Local\.meteor\packages\meteor-tool\1.4.2_3\mt-os.windows.x86_32\dev_bundle\lib\node_modules\npm\lib\utils\spawn.js:40:14)
394 verbose stack     at emitTwo (events.js:87:13)
394 verbose stack     at ChildProcess.emit (events.js:172:7)
394 verbose stack     at maybeClose (internal/child_process.js:854:16)
394 verbose stack     at Process.ChildProcess._handle.onexit (internal/child_process.js:222:5)
395 verbose pkgid bcrypt@0.8.7
396 verbose cwd C:\Users\mjtim\myWebsite
397 error Windows_NT 10.0.19042
398 error argv "C:\\Users\\mjtim\\AppData\\Local\\.meteor\\packages\\meteor-tool\\1.4.2_3\\mt-os.windows.x86_32\\dev_bundle\\bin\\node.exe" "C:\\Users\\mjtim\\AppData\\Local\\.meteor\\packages\\meteor-tool\\1.4.2_3\\mt-os.windows.x86_32\\dev_bundle\\lib\\node_modules\\npm\\bin\\npm-cli.js" "install" "--save" "bcrypt"
399 error node v4.6.2
400 error npm  v3.10.9
401 error code ELIFECYCLE
402 error bcrypt@0.8.7 install: `node-gyp rebuild`
402 error Exit status 1
403 error Failed at the bcrypt@0.8.7 install script 'node-gyp rebuild'.
403 error Make sure you have the latest version of node.js and npm installed.
403 error If you do, this is most likely a problem with the bcrypt package,
403 error not with npm itself.
403 error Tell the author that this fails on your system:
403 error     node-gyp rebuild
403 error You can get information on how to open an issue for this project with:
403 error     npm bugs bcrypt
403 error Or if that isn't available, you can get their info via:
403 error     npm owner ls bcrypt
403 error There is likely additional logging output above.
404 verbose exit [ 1, true ]
